2026-02-09 22:31:08.985  INFO 49300 --- [SpringApplicationShutdownHook] org.quartz.core.QuartzScheduler          : Scheduler quartzScheduler_$_NON_CLUSTERED paused.
2026-02-09 22:31:09.111  INFO 49300 --- [SpringApplicationShutdownHook] o.s.s.quartz.SchedulerFactoryBean        : Shutting down Quartz Scheduler
2026-02-09 22:31:09.111  INFO 49300 --- [SpringApplicationShutdownHook] org.quartz.core.QuartzScheduler          : Scheduler quartzScheduler_$_NON_CLUSTERED shutting down.
2026-02-09 22:31:09.111  INFO 49300 --- [SpringApplicationShutdownHook] org.quartz.core.QuartzScheduler          : Scheduler quartzScheduler_$_NON_CLUSTERED paused.
2026-02-09 22:31:09.113  INFO 49300 --- [SpringApplicationShutdownHook] org.quartz.core.QuartzScheduler          : Scheduler quartzScheduler_$_NON_CLUSTERED shutdown complete.
2026-02-09 22:31:09.175  INFO 49300 --- [SpringApplicationShutdownHook] com.alibaba.druid.pool.DruidDataSource   : {dataSource-1} closing ...
2026-02-09 22:31:09.182  INFO 49300 --- [SpringApplicationShutdownHook] com.alibaba.druid.pool.DruidDataSource   : {dataSource-1} closed
2026-02-09 22:33:36.989  INFO 49104 --- [main] com.werewolf.game.Application            : Starting Application using Java 19.0.2 on Chou with PID 49104 (D:\周超\Documents\Project\AI-WerewolfGame\backend\target\classes started by 周超 in D:\周超\Documents\Project\AI-WerewolfGame\backend)
2026-02-09 22:33:36.992 DEBUG 49104 --- [main] com.werewolf.game.Application            : Running with Spring Boot v2.5.14, Spring v5.3.20
2026-02-09 22:33:36.993  INFO 49104 --- [main] com.werewolf.game.Application            : No active profile set, falling back to 1 default profile: "default"
2026-02-09 22:33:37.711  INFO 49104 --- [main] .s.d.r.c.RepositoryConfigurationDelegate : Multiple Spring Data modules found, entering strict repository configuration mode!
2026-02-09 22:33:37.714  INFO 49104 --- [main] .s.d.r.c.RepositoryConfigurationDelegate : Bootstrapping Spring Data Redis repositories in DEFAULT mode.
2026-02-09 22:33:37.739  INFO 49104 --- [main] .s.d.r.c.RepositoryConfigurationDelegate : Finished Spring Data repository scanning in 10 ms. Found 0 Redis repository interfaces.
2026-02-09 22:33:38.459  INFO 49104 --- [main] o.s.b.w.embedded.tomcat.TomcatWebServer  : Tomcat initialized with port(s): 8081 (http)
2026-02-09 22:33:38.472  INFO 49104 --- [main] o.apache.catalina.core.StandardService   : Starting service [Tomcat]
2026-02-09 22:33:38.474  INFO 49104 --- [main] org.apache.catalina.core.StandardEngine  : Starting Servlet engine: [Apache Tomcat/9.0.63]
2026-02-09 22:33:38.705  INFO 49104 --- [main] o.a.c.c.C.[Tomcat].[localhost].[/api]    : Initializing Spring embedded WebApplicationContext
2026-02-09 22:33:38.707  INFO 49104 --- [main] w.s.c.ServletWebServerApplicationContext : Root WebApplicationContext: initialization completed in 1651 ms
2026-02-09 22:33:38.770  INFO 49104 --- [main] c.a.d.s.b.a.DruidDataSourceAutoConfigure : Init DruidDataSource
2026-02-09 22:33:39.389  INFO 49104 --- [main] com.alibaba.druid.pool.DruidDataSource   : {dataSource-1} inited
2026-02-09 22:33:41.270  INFO 49104 --- [main] org.quartz.impl.StdSchedulerFactory      : Using default implementation for ThreadExecutor
2026-02-09 22:33:41.283  INFO 49104 --- [main] org.quartz.core.SchedulerSignalerImpl    : Initialized Scheduler Signaller of type: class org.quartz.core.SchedulerSignalerImpl
2026-02-09 22:33:41.285  INFO 49104 --- [main] org.quartz.core.QuartzScheduler          : Quartz Scheduler v.2.3.2 created.
2026-02-09 22:33:41.285  INFO 49104 --- [main] org.quartz.simpl.RAMJobStore             : RAMJobStore initialized.
2026-02-09 22:33:41.286  INFO 49104 --- [main] org.quartz.core.QuartzScheduler          : Scheduler meta-data: Quartz Scheduler (v2.3.2) 'quartzScheduler' with instanceId 'NON_CLUSTERED'
  Scheduler class: 'org.quartz.core.QuartzScheduler' - running locally.
  NOT STARTED.
  Currently in standby mode.
  Number of jobs executed: 0
  Using thread pool 'org.quartz.simpl.SimpleThreadPool' - with 10 threads.
  Using job-store 'org.quartz.simpl.RAMJobStore' - which does not support persistence. and is not clustered.

2026-02-09 22:33:41.287  INFO 49104 --- [main] org.quartz.impl.StdSchedulerFactory      : Quartz scheduler 'quartzScheduler' initialized from an externally provided properties instance.
2026-02-09 22:33:41.287  INFO 49104 --- [main] org.quartz.impl.StdSchedulerFactory      : Quartz scheduler version: 2.3.2
2026-02-09 22:33:41.287  INFO 49104 --- [main] org.quartz.core.QuartzScheduler          : JobFactory set to: org.springframework.scheduling.quartz.SpringBeanJobFactory@43cf5bff
2026-02-09 22:33:41.359  INFO 49104 --- [main] o.s.b.w.embedded.tomcat.TomcatWebServer  : Tomcat started on port(s): 8081 (http) with context path '/api'
2026-02-09 22:33:41.362  INFO 49104 --- [main] o.s.s.quartz.SchedulerFactoryBean        : Starting Quartz Scheduler now
2026-02-09 22:33:41.362  INFO 49104 --- [main] org.quartz.core.QuartzScheduler          : Scheduler quartzScheduler_$_NON_CLUSTERED started.
2026-02-09 22:33:41.372  INFO 49104 --- [main] com.werewolf.game.Application            : Started Application in 4.893 seconds (JVM running for 5.476)
2026-02-09 22:35:06.976  INFO 49104 --- [http-nio-8081-exec-1] o.a.c.c.C.[Tomcat].[localhost].[/api]    : Initializing Spring DispatcherServlet 'dispatcherServlet'
2026-02-09 22:35:06.976  INFO 49104 --- [http-nio-8081-exec-1] o.s.web.servlet.DispatcherServlet        : Initializing Servlet 'dispatcherServlet'
2026-02-09 22:35:06.979  INFO 49104 --- [http-nio-8081-exec-1] o.s.web.servlet.DispatcherServlet        : Completed initialization in 3 ms
2026-02-09 22:35:07.100  WARN 49104 --- [http-nio-8081-exec-1] c.b.m.c.t.support.ReflectLambdaMeta      : Unable to make field private final java.lang.Class java.lang.invoke.SerializedLambda.capturingClass accessible: module java.base does not "opens java.lang.invoke" to unnamed module @4d3167f4
